sdk/build/intermediates/manifest_merge_blame_file/debug/processDebugManifest/manifest-merger-blame-debug-report.txt
1<?xml version="1.0" encoding="utf-8"?>
2<manifest xmlns:android="http://schemas.android.com/apk/res/android"
3    xmlns:tools="http://schemas.android.com/tools"
4    package="com.iproov.kmp" >
5
6    <uses-sdk android:minSdkVersion="26" />
7
8    <uses-permission android:name="android.permission.INTERNET" />
8-->src/androidMain/AndroidManifest.xml:5:5-67
8-->src/androidMain/AndroidManifest.xml:5:22-64
9
10    <application>
10-->src/androidMain/AndroidManifest.xml:7:5-17:19
11        <provider
11-->src/androidMain/AndroidManifest.xml:8:9-16:20
12            android:name="androidx.startup.InitializationProvider"
12-->src/androidMain/AndroidManifest.xml:9:13-67
13            android:authorities="${applicationId}.androidx-startup"
13-->src/androidMain/AndroidManifest.xml:10:13-68
14            android:exported="false"
14-->src/androidMain/AndroidManifest.xml:11:13-37
15            tools:node="merge" >
15-->src/androidMain/AndroidManifest.xml:12:13-31
16            <meta-data
16-->src/androidMain/AndroidManifest.xml:13:13-15:52
17                android:name="com.iproov.kmp.AppContextInitializer"
17-->src/androidMain/AndroidManifest.xml:14:17-68
18                android:value="androidx.startup" />
18-->src/androidMain/AndroidManifest.xml:15:17-49
19        </provider>
20    </application>
21
22</manifest>